<?xml version="1.0" encoding="UTF-8"?>
<!-- Generated by org.testng.reporters.JUnitXMLReporter -->
<testsuite ignored="0" hostname="DESKTOP-CSMSGNF" failures="0" tests="4" name="Default test" time="13.833" errors="0" timestamp="2022-11-04T06:06:24 CDT">
  <testcase classname="test.AddCustomerTest" name="BrowserFactoryTest" time="2.387"/>
  <testcase classname="test.AddCustomerTest" name="Login_Page_Test" time="1.152"/>
  <testcase classname="test.AddCustomerTest" name="DashboardPageTest" time="0.006"/>
  <testcase classname="test.AddCustomerTest" name="Add_Cuctomer_Test" time="10.236"/>
</testsuite> <!-- Default test -->
