<?xml version="1.0" encoding="UTF-8"?>
<testng-results ignored="0" total="4" passed="4" failed="0" skipped="0">
  <reporter-output>
  </reporter-output>
  <suite started-at="2022-11-04T06:06:11 CDT" name="Default suite" finished-at="2022-11-04T06:06:24 CDT" duration-ms="13833">
    <groups>
    </groups>
    <test started-at="2022-11-04T06:06:11 CDT" name="Default test" finished-at="2022-11-04T06:06:24 CDT" duration-ms="13833">
      <class name="test.AddCustomerTest">
        <test-method signature="BrowserFactoryTest()[pri:1, instance:test.AddCustomerTest@4879dfad]" started-at="2022-11-04T06:06:11 CDT" name="BrowserFactoryTest" finished-at="2022-11-04T06:06:13 CDT" duration-ms="2387" status="PASS">
          <reporter-output>
          </reporter-output>
        </test-method> <!-- BrowserFactoryTest -->
        <test-method signature="Login_Page_Test()[pri:2, instance:test.AddCustomerTest@4879dfad]" started-at="2022-11-04T06:06:13 CDT" name="Login_Page_Test" finished-at="2022-11-04T06:06:14 CDT" duration-ms="1152" status="PASS">
          <reporter-output>
          </reporter-output>
        </test-method> <!-- Login_Page_Test -->
        <test-method signature="DashboardPageTest()[pri:3, instance:test.AddCustomerTest@4879dfad]" started-at="2022-11-04T06:06:14 CDT" name="DashboardPageTest" finished-at="2022-11-04T06:06:14 CDT" duration-ms="6" status="PASS">
          <reporter-output>
          </reporter-output>
        </test-method> <!-- DashboardPageTest -->
        <test-method signature="Add_Cuctomer_Test()[pri:4, instance:test.AddCustomerTest@4879dfad]" started-at="2022-11-04T06:06:14 CDT" name="Add_Cuctomer_Test" finished-at="2022-11-04T06:06:24 CDT" duration-ms="10236" status="PASS">
          <reporter-output>
          </reporter-output>
        </test-method> <!-- Add_Cuctomer_Test -->
      </class> <!-- test.AddCustomerTest -->
    </test> <!-- Default test -->
  </suite> <!-- Default suite -->
</testng-results>
